Using pre-set license
Built from '2020.3/staging' branch; Version is '2020.3.28f1 (f5400f52e03f) revision 16072719'; Using compiler version '192528614'; Build Type 'Release'
OS: 'Windows 11  (10.0.22000) 64bit Education' Language: 'en' Physical Memory: 16337 MB
BatchMode: 1, IsHumanControllingUs: 0, StartBugReporterOnCrash: 0, Is64bit: 1, IsPro: 0

COMMAND LINE ARGUMENTS:
C:\Program Files\Unity\Hub\Editor\2020.3.28f1\Editor\Unity.exe
-adb2
-batchMode
-noUpm
-name
AssetImportWorker0
-projectPath
C:/Users/Unknown/Speedrun
-logFile
Logs/AssetImportWorker0.log
-srvPort
49371
Successfully changed project path to: C:/Users/Unknown/Speedrun
C:/Users/Unknown/Speedrun
Using Asset Import Pipeline V2.
Refreshing native plugins compatible for Editor in 35.90 ms, found 3 plugins.
Preloading 0 native plugins for Editor in 0.00 ms.
Initialize engine version: 2020.3.28f1 (f5400f52e03f)
[Subsystems] Discovering subsystems at path C:/Program Files/Unity/Hub/Editor/2020.3.28f1/Editor/Data/Resources/UnitySubsystems
[Subsystems] Discovering subsystems at path C:/Users/Unknown/Speedrun/Assets
GfxDevice: creating device client; threaded=0
Direct3D:
    Version:  Direct3D 11.0 [level 11.1]
    Renderer: Radeon RX 570 Series (ID=0x67df)
    Vendor:   
    VRAM:     4075 MB
    Driver:   30.0.14023.1009
Initialize mono
Mono path[0] = 'C:/Program Files/Unity/Hub/Editor/2020.3.28f1/Editor/Data/Managed'
Mono path[1] = 'C:/Program Files/Unity/Hub/Editor/2020.3.28f1/Editor/Data/MonoBleedingEdge/lib/mono/unityjit'
Mono config path = 'C:/Program Files/Unity/Hub/Editor/2020.3.28f1/Editor/Data/MonoBleedingEdge/etc'
Using monoOptions --debugger-agent=transport=dt_socket,embedding=1,server=y,suspend=n,address=127.0.0.1:56628
Begin MonoManager ReloadAssembly
Registering precompiled unity dll's ...
Register platform support module: C:/Program Files/Unity/Hub/Editor/2020.3.28f1/Editor/Data/PlaybackEngines/WebGLSupport/UnityEditor.WebGL.Extensions.dll
Register platform support module: C:/Program Files/Unity/Hub/Editor/2020.3.28f1/Editor/Data/PlaybackEngines/WindowsStandaloneSupport/UnityEditor.WindowsStandalone.Extensions.dll
Registered in 0.003179 seconds.
Native extension for WindowsStandalone target not found
Native extension for WebGL target not found
Refreshing native plugins compatible for Editor in 31.00 ms, found 3 plugins.
Preloading 0 native plugins for Editor in 0.00 ms.
Mono: successfully reloaded assembly
- Completed reload, in  0.536 seconds
Domain Reload Profiling:
	ReloadAssembly (536ms)
		BeginReloadAssembly (61ms)
			ExecutionOrderSort (0ms)
			DisableScriptedObjects (0ms)
			BackupInstance (0ms)
			ReleaseScriptingObjects (0ms)
			CreateAndSetChildDomain (1ms)
		EndReloadAssembly (400ms)
			LoadAssemblies (58ms)
			RebuildTransferFunctionScriptingTraits (0ms)
			SetupTypeCache (144ms)
			ReleaseScriptCaches (0ms)
			RebuildScriptCaches (30ms)
			SetupLoadedEditorAssemblies (143ms)
				LogAssemblyErrors (0ms)
				InitializePlatformSupportModulesInManaged (5ms)
				SetLoadedEditorAssemblies (0ms)
				RefreshPlugins (31ms)
				BeforeProcessingInitializeOnLoad (7ms)
				ProcessInitializeOnLoadAttributes (75ms)
				ProcessInitializeOnLoadMethodAttributes (25ms)
				AfterProcessingInitializeOnLoad (0ms)
				EditorAssembliesLoaded (0ms)
			ExecutionOrderSort2 (0ms)
			AwakeInstancesAfterBackupRestoration (0ms)
Platform modules already initialized, skipping
Registering precompiled user dll's ...
Registered in 0.008066 seconds.
Begin MonoManager ReloadAssembly
Native extension for WindowsStandalone target not found
Native extension for WebGL target not found
Refreshing native plugins compatible for Editor in 0.44 ms, found 3 plugins.
Preloading 0 native plugins for Editor in 0.00 ms.
Mono: successfully reloaded assembly
- Completed reload, in  0.992 seconds
Domain Reload Profiling:
	ReloadAssembly (993ms)
		BeginReloadAssembly (150ms)
			ExecutionOrderSort (0ms)
			DisableScriptedObjects (5ms)
			BackupInstance (0ms)
			ReleaseScriptingObjects (0ms)
			CreateAndSetChildDomain (21ms)
		EndReloadAssembly (787ms)
			LoadAssemblies (95ms)
			RebuildTransferFunctionScriptingTraits (0ms)
			SetupTypeCache (310ms)
			ReleaseScriptCaches (0ms)
			RebuildScriptCaches (40ms)
			SetupLoadedEditorAssemblies (262ms)
				LogAssemblyErrors (0ms)
				InitializePlatformSupportModulesInManaged (4ms)
				SetLoadedEditorAssemblies (0ms)
				RefreshPlugins (0ms)
				BeforeProcessingInitializeOnLoad (47ms)
				ProcessInitializeOnLoadAttributes (196ms)
				ProcessInitializeOnLoadMethodAttributes (8ms)
				AfterProcessingInitializeOnLoad (5ms)
				EditorAssembliesLoaded (0ms)
			ExecutionOrderSort2 (0ms)
			AwakeInstancesAfterBackupRestoration (5ms)
Platform modules already initialized, skipping
========================================================================
Worker process is ready to serve import requests
Launched and connected shader compiler UnityShaderCompiler.exe after 0.06 seconds
Refreshing native plugins compatible for Editor in 0.47 ms, found 3 plugins.
Preloading 0 native plugins for Editor in 0.00 ms.
Unloading 1522 Unused Serialized files (Serialized files now loaded: 0)
System memory in use before: 69.8 MB.
System memory in use after: 69.9 MB.

Unloading 35 unused Assets to reduce memory usage. Loaded Objects now: 2023.
Total: 3.093300 ms (FindLiveObjects: 0.115300 ms CreateObjectMapping: 0.033500 ms MarkObjects: 2.860000 ms  DeleteObjects: 0.083600 ms)

AssetImportParameters requested are different than current active one (requested -> active):
  custom:framework-win-MediaFoundation: 216162199b28c13a410421893ffa2e32 -> 
  custom:video-decoder-ogg-theora: a1e56fd34408186e4bbccfd4996cb3dc -> 
  custom:container-muxer-webm: aa71ff27fc2769a1b78a27578f13a17b -> 
  custom:container-demuxer-webm: 4f35f7cbe854078d1ac9338744f61a02 -> 
  custom:container-demuxer-ogg: 62fdf1f143b41e24485cea50d1cbac27 -> 
  custom:video-encoder-webm-vp8: eb34c28f22e8b96e1ab97ce403110664 -> 
  custom:video-decoder-webm-vp8: 9c59270c3fd7afecdb556c50c9e8de78 -> 
  custom:audio-decoder-ogg-vorbis: bf7c407c2cedff20999df2af8eb42d56 -> 
  custom:audio-encoder-webm-vorbis: bf7c407c2cedff20999df2af8eb42d56 -> 
========================================================================
Received Import Request.
  path: Assets/FM/pickup.asset
  artifactKey: Guid(42cfc4e7d8422ab4cbaae07d40bdc562) Importer(815301076,1909f56bfc062723c751e8b465ee728b)
Start importing Assets/FM/pickup.asset using Guid(42cfc4e7d8422ab4cbaae07d40bdc562) Importer(815301076,1909f56bfc062723c751e8b465ee728b)  -> (artifact id: '1b06a2657c28c19433b6d3d07f24ef93') in 0.522915 seconds 
  Import took 0.526329 seconds .

========================================================================
Received Import Request.
  Time since last request: 0.000221 seconds.
  path: Assets/FM/score.asset
  artifactKey: Guid(b69ffc7a4671b1a4b9b9e01c4a15d532) Importer(815301076,1909f56bfc062723c751e8b465ee728b)
Start importing Assets/FM/score.asset using Guid(b69ffc7a4671b1a4b9b9e01c4a15d532) Importer(815301076,1909f56bfc062723c751e8b465ee728b)  -> (artifact id: 'b0a44dc162ae24fb1e87cc6dc2336d54') in 0.011061 seconds 
  Import took 0.013502 seconds .

========================================================================
Received Import Request.
  Time since last request: 0.000174 seconds.
  path: Assets/FM/cameraFollowPlayer.asset
  artifactKey: Guid(2842c0bf0ee6c1049a55d028ee41107f) Importer(815301076,1909f56bfc062723c751e8b465ee728b)
Start importing Assets/FM/cameraFollowPlayer.asset using Guid(2842c0bf0ee6c1049a55d028ee41107f) Importer(815301076,1909f56bfc062723c751e8b465ee728b)  -> (artifact id: 'e444f7386d53ac5fb101b85d8f44e4a9') in 0.078512 seconds 
  Import took 0.081170 seconds .

========================================================================
Received Import Request.
  Time since last request: 0.000199 seconds.
  path: Assets/materials/mat_player.mat
  artifactKey: Guid(65651939f6f2fee45aa36169f4916c96) Importer(815301076,1909f56bfc062723c751e8b465ee728b)
Start importing Assets/materials/mat_player.mat using Guid(65651939f6f2fee45aa36169f4916c96) Importer(815301076,1909f56bfc062723c751e8b465ee728b)  -> (artifact id: '67c4d7888b8c0e65c24127203a2d1984') in 0.088796 seconds 
  Import took 0.091789 seconds .

========================================================================
Received Import Request.
  Time since last request: 0.000243 seconds.
  path: Assets/FM/movement.asset
  artifactKey: Guid(e4eb02d2b6871fd42827edf8fcca9f7f) Importer(815301076,1909f56bfc062723c751e8b465ee728b)
Start importing Assets/FM/movement.asset using Guid(e4eb02d2b6871fd42827edf8fcca9f7f) Importer(815301076,1909f56bfc062723c751e8b465ee728b)  -> (artifact id: '8aed66e9637312c16700253ff504565a') in 0.063420 seconds 
  Import took 0.066809 seconds .

========================================================================
Received Import Request.
  Time since last request: 18.224133 seconds.
  path: Assets/FM/changeScore.asset
  artifactKey: Guid(6735b5b6fa24a0741ab1b4d286bbddc7) Importer(815301076,1909f56bfc062723c751e8b465ee728b)
Start importing Assets/FM/changeScore.asset using Guid(6735b5b6fa24a0741ab1b4d286bbddc7) Importer(815301076,1909f56bfc062723c751e8b465ee728b)  -> (artifact id: 'f2ca011e9b1373218393a76d9a3e07ec') in 0.009003 seconds 
  Import took 0.011723 seconds .

========================================================================
Received Import Request.
  Time since last request: 526.317196 seconds.
  path: Assets/FM/changeScore.asset
  artifactKey: Guid(6735b5b6fa24a0741ab1b4d286bbddc7) Importer(815301076,1909f56bfc062723c751e8b465ee728b)
Start importing Assets/FM/changeScore.asset using Guid(6735b5b6fa24a0741ab1b4d286bbddc7) Importer(815301076,1909f56bfc062723c751e8b465ee728b)  -> (artifact id: '195a0dd553b9a90b251c23f759dbd4db') in 0.102794 seconds 
  Import took 0.106107 seconds .

========================================================================
Received Import Request.
  Time since last request: 9260.759737 seconds.
  path: Assets/FM/winText.asset
  artifactKey: Guid(7a38b29596825624183fc6d22c21d6e0) Importer(815301076,1909f56bfc062723c751e8b465ee728b)
Start importing Assets/FM/winText.asset using Guid(7a38b29596825624183fc6d22c21d6e0) Importer(815301076,1909f56bfc062723c751e8b465ee728b)  -> (artifact id: '14418b58d26f1ad66cd9802bd79e9351') in 0.029706 seconds 
  Import took 0.047391 seconds .

========================================================================
Received Import Request.
  Time since last request: 222.407310 seconds.
  path: Assets/FM/winText.asset
  artifactKey: Guid(7a38b29596825624183fc6d22c21d6e0) Importer(815301076,1909f56bfc062723c751e8b465ee728b)
Start importing Assets/FM/winText.asset using Guid(7a38b29596825624183fc6d22c21d6e0) Importer(815301076,1909f56bfc062723c751e8b465ee728b)  -> (artifact id: 'dc91fc93d1ec64f134d384c96fa74fde') in 0.018165 seconds 
  Import took 0.021300 seconds .

========================================================================
Received Import Request.
  Time since last request: 16.077329 seconds.
  path: Assets/FM/lostText.asset
  artifactKey: Guid(b4fb48d4ff822bb428fefd0097e3b1be) Importer(815301076,1909f56bfc062723c751e8b465ee728b)
Start importing Assets/FM/lostText.asset using Guid(b4fb48d4ff822bb428fefd0097e3b1be) Importer(815301076,1909f56bfc062723c751e8b465ee728b)  -> (artifact id: 'c7bc97ce491c08c7dc202550bb9face6') in 0.008047 seconds 
  Import took 0.011303 seconds .

========================================================================
Received Import Request.
  Time since last request: 134.577083 seconds.
  path: Assets/FM/lostText.asset
  artifactKey: Guid(b4fb48d4ff822bb428fefd0097e3b1be) Importer(815301076,1909f56bfc062723c751e8b465ee728b)
Start importing Assets/FM/lostText.asset using Guid(b4fb48d4ff822bb428fefd0097e3b1be) Importer(815301076,1909f56bfc062723c751e8b465ee728b)  -> (artifact id: '581e048a89add3feb31de0ba1a04b711') in 0.006375 seconds 
  Import took 0.009544 seconds .

========================================================================
Received Import Request.
  Time since last request: 48.661087 seconds.
  path: Assets/FM/lostText.asset
  artifactKey: Guid(b4fb48d4ff822bb428fefd0097e3b1be) Importer(815301076,1909f56bfc062723c751e8b465ee728b)
Start importing Assets/FM/lostText.asset using Guid(b4fb48d4ff822bb428fefd0097e3b1be) Importer(815301076,1909f56bfc062723c751e8b465ee728b)  -> (artifact id: '78e2eaaa86c0b52ee5d92021a3b4e06a') in 0.005865 seconds 
  Import took 0.009298 seconds .

========================================================================
Received Prepare
Registering precompiled user dll's ...
Registered in 0.177413 seconds.
Begin MonoManager ReloadAssembly
Native extension for WindowsStandalone target not found
Native extension for WebGL target not found
Refreshing native plugins compatible for Editor in 0.48 ms, found 3 plugins.
Preloading 0 native plugins for Editor in 0.00 ms.
Mono: successfully reloaded assembly
- Completed reload, in  0.924 seconds
Domain Reload Profiling:
	ReloadAssembly (928ms)
		BeginReloadAssembly (214ms)
			ExecutionOrderSort (0ms)
			DisableScriptedObjects (27ms)
			BackupInstance (0ms)
			ReleaseScriptingObjects (0ms)
			CreateAndSetChildDomain (110ms)
		EndReloadAssembly (661ms)
			LoadAssemblies (80ms)
			RebuildTransferFunctionScriptingTraits (0ms)
			SetupTypeCache (265ms)
			ReleaseScriptCaches (1ms)
			RebuildScriptCaches (28ms)
			SetupLoadedEditorAssemblies (211ms)
				LogAssemblyErrors (0ms)
				InitializePlatformSupportModulesInManaged (5ms)
				SetLoadedEditorAssemblies (1ms)
				RefreshPlugins (1ms)
				BeforeProcessingInitializeOnLoad (39ms)
				ProcessInitializeOnLoadAttributes (154ms)
				ProcessInitializeOnLoadMethodAttributes (6ms)
				AfterProcessingInitializeOnLoad (5ms)
				EditorAssembliesLoaded (1ms)
			ExecutionOrderSort2 (0ms)
			AwakeInstancesAfterBackupRestoration (6ms)
Platform modules already initialized, skipping
Refreshing native plugins compatible for Editor in 0.44 ms, found 3 plugins.
Preloading 0 native plugins for Editor in 0.00 ms.
Unloading 1516 Unused Serialized files (Serialized files now loaded: 0)
System memory in use before: 73.0 MB.
System memory in use after: 73.1 MB.

Unloading 30 unused Assets to reduce memory usage. Loaded Objects now: 2065.
Total: 2.697400 ms (FindLiveObjects: 0.129200 ms CreateObjectMapping: 0.032800 ms MarkObjects: 2.514000 ms  DeleteObjects: 0.020700 ms)

AssetImportParameters requested are different than current active one (requested -> active):
  custom:framework-win-MediaFoundation: 216162199b28c13a410421893ffa2e32 -> 
  custom:video-decoder-ogg-theora: a1e56fd34408186e4bbccfd4996cb3dc -> 
  custom:container-muxer-webm: aa71ff27fc2769a1b78a27578f13a17b -> 
  custom:container-demuxer-webm: 4f35f7cbe854078d1ac9338744f61a02 -> 
  custom:container-demuxer-ogg: 62fdf1f143b41e24485cea50d1cbac27 -> 
  custom:video-encoder-webm-vp8: eb34c28f22e8b96e1ab97ce403110664 -> 
  custom:video-decoder-webm-vp8: 9c59270c3fd7afecdb556c50c9e8de78 -> 
  custom:audio-decoder-ogg-vorbis: bf7c407c2cedff20999df2af8eb42d56 -> 
  custom:audio-encoder-webm-vorbis: bf7c407c2cedff20999df2af8eb42d56 -> 
========================================================================
Received Import Request.
  Time since last request: 194.155342 seconds.
  path: Assets/FM/changeScore.asset
  artifactKey: Guid(6735b5b6fa24a0741ab1b4d286bbddc7) Importer(815301076,1909f56bfc062723c751e8b465ee728b)
Start importing Assets/FM/changeScore.asset using Guid(6735b5b6fa24a0741ab1b4d286bbddc7) Importer(815301076,1909f56bfc062723c751e8b465ee728b)  -> (artifact id: 'e1cc5a63205c3ceeff11d1b00d6abd6d') in 0.483345 seconds 
  Import took 0.486420 seconds .

========================================================================
Received Prepare
Registering precompiled user dll's ...
Registered in 0.007252 seconds.
Begin MonoManager ReloadAssembly
Native extension for WindowsStandalone target not found
Native extension for WebGL target not found
Refreshing native plugins compatible for Editor in 0.50 ms, found 3 plugins.
Preloading 0 native plugins for Editor in 0.00 ms.
Mono: successfully reloaded assembly
- Completed reload, in  0.794 seconds
Domain Reload Profiling:
	ReloadAssembly (795ms)
		BeginReloadAssembly (104ms)
			ExecutionOrderSort (0ms)
			DisableScriptedObjects (4ms)
			BackupInstance (0ms)
			ReleaseScriptingObjects (0ms)
			CreateAndSetChildDomain (44ms)
		EndReloadAssembly (641ms)
			LoadAssemblies (75ms)
			RebuildTransferFunctionScriptingTraits (0ms)
			SetupTypeCache (254ms)
			ReleaseScriptCaches (1ms)
			RebuildScriptCaches (31ms)
			SetupLoadedEditorAssemblies (204ms)
				LogAssemblyErrors (0ms)
				InitializePlatformSupportModulesInManaged (4ms)
				SetLoadedEditorAssemblies (0ms)
				RefreshPlugins (1ms)
				BeforeProcessingInitializeOnLoad (38ms)
				ProcessInitializeOnLoadAttributes (151ms)
				ProcessInitializeOnLoadMethodAttributes (6ms)
				AfterProcessingInitializeOnLoad (4ms)
				EditorAssembliesLoaded (0ms)
			ExecutionOrderSort2 (0ms)
			AwakeInstancesAfterBackupRestoration (5ms)
Platform modules already initialized, skipping
Refreshing native plugins compatible for Editor in 0.45 ms, found 3 plugins.
Preloading 0 native plugins for Editor in 0.00 ms.
Unloading 1516 Unused Serialized files (Serialized files now loaded: 0)
System memory in use before: 73.0 MB.
System memory in use after: 73.1 MB.

Unloading 30 unused Assets to reduce memory usage. Loaded Objects now: 2067.
Total: 2.540100 ms (FindLiveObjects: 0.123000 ms CreateObjectMapping: 0.036900 ms MarkObjects: 2.356400 ms  DeleteObjects: 0.023000 ms)

AssetImportParameters requested are different than current active one (requested -> active):
  custom:framework-win-MediaFoundation: 216162199b28c13a410421893ffa2e32 -> 
  custom:video-decoder-ogg-theora: a1e56fd34408186e4bbccfd4996cb3dc -> 
  custom:container-muxer-webm: aa71ff27fc2769a1b78a27578f13a17b -> 
  custom:container-demuxer-webm: 4f35f7cbe854078d1ac9338744f61a02 -> 
  custom:container-demuxer-ogg: 62fdf1f143b41e24485cea50d1cbac27 -> 
  custom:video-encoder-webm-vp8: eb34c28f22e8b96e1ab97ce403110664 -> 
  custom:video-decoder-webm-vp8: 9c59270c3fd7afecdb556c50c9e8de78 -> 
  custom:audio-decoder-ogg-vorbis: bf7c407c2cedff20999df2af8eb42d56 -> 
  custom:audio-encoder-webm-vorbis: bf7c407c2cedff20999df2af8eb42d56 -> 
========================================================================
Received Import Request.
  Time since last request: 127.727536 seconds.
  path: Assets/FM/changeScore.asset
  artifactKey: Guid(6735b5b6fa24a0741ab1b4d286bbddc7) Importer(815301076,1909f56bfc062723c751e8b465ee728b)
Start importing Assets/FM/changeScore.asset using Guid(6735b5b6fa24a0741ab1b4d286bbddc7) Importer(815301076,1909f56bfc062723c751e8b465ee728b)  -> (artifact id: 'a3e6931d808e6f22be3cfbcfe1efe67d') in 0.490256 seconds 
  Import took 0.494202 seconds .

========================================================================
Received Import Request.
  Time since last request: 0.000199 seconds.
  path: Assets/FM/winText.asset
  artifactKey: Guid(7a38b29596825624183fc6d22c21d6e0) Importer(815301076,1909f56bfc062723c751e8b465ee728b)
Start importing Assets/FM/winText.asset using Guid(7a38b29596825624183fc6d22c21d6e0) Importer(815301076,1909f56bfc062723c751e8b465ee728b)  -> (artifact id: 'b55b864c1567e63c45894c69ce41ed5e') in 0.012576 seconds 
  Import took 0.016109 seconds .

========================================================================
Received Import Request.
  Time since last request: 35.487929 seconds.
  path: Assets/FM/winText.asset
  artifactKey: Guid(7a38b29596825624183fc6d22c21d6e0) Importer(815301076,1909f56bfc062723c751e8b465ee728b)
Start importing Assets/FM/winText.asset using Guid(7a38b29596825624183fc6d22c21d6e0) Importer(815301076,1909f56bfc062723c751e8b465ee728b)  -> (artifact id: 'eee7f7f2c10fc9ed6e5e78919880d7ed') in 0.005183 seconds 
  Import took 0.008374 seconds .

========================================================================
Received Import Request.
  Time since last request: 30.770393 seconds.
  path: Assets/FM/lostText.asset
  artifactKey: Guid(b4fb48d4ff822bb428fefd0097e3b1be) Importer(815301076,1909f56bfc062723c751e8b465ee728b)
Start importing Assets/FM/lostText.asset using Guid(b4fb48d4ff822bb428fefd0097e3b1be) Importer(815301076,1909f56bfc062723c751e8b465ee728b)  -> (artifact id: '428caf45fc0f4eb1ccfc187432b9df07') in 0.004917 seconds 
  Import took 0.008155 seconds .

========================================================================
Received Import Request.
  Time since last request: 41.023837 seconds.
  path: Assets/FM/GUI.asset
  artifactKey: Guid(56e55119ea6fcfb449a6c03b5e8026a5) Importer(815301076,1909f56bfc062723c751e8b465ee728b)
Start importing Assets/FM/GUI.asset using Guid(56e55119ea6fcfb449a6c03b5e8026a5) Importer(815301076,1909f56bfc062723c751e8b465ee728b)  -> (artifact id: '15c59222409cb3cd5ed1b261afa96ad0') in 0.012070 seconds 
  Import took 0.014791 seconds .

========================================================================
Received Import Request.
  Time since last request: 220.522996 seconds.
  path: Assets/FM/GUI.asset
  artifactKey: Guid(56e55119ea6fcfb449a6c03b5e8026a5) Importer(815301076,1909f56bfc062723c751e8b465ee728b)
Start importing Assets/FM/GUI.asset using Guid(56e55119ea6fcfb449a6c03b5e8026a5) Importer(815301076,1909f56bfc062723c751e8b465ee728b) Could not load connection between 'value' of 'GetVariable#44ce8...' and 'score' of 'SuperUnit#21905...'.
UnityEngine.StackTraceUtility:ExtractStackTrace ()
UnityEngine.DebugLogHandler:LogFormat (UnityEngine.LogType,UnityEngine.Object,string,object[])
UnityEngine.Logger:Log (UnityEngine.LogType,object)
UnityEngine.Debug:LogWarning (object)
Bolt.UnitConnection`2<Bolt.ValueOutput, Bolt.ValueInput>:HandleDependencies () (at Bolt.Flow.Runtime/Connections/UnitConnection.cs:146)
Ludiq.Graph:OnAfterDependenciesDeserialized () (at Ludiq.Graphs.Runtime/Graph.cs:117)
Ludiq.Serialization:CheckIfDependenciesMet (Ludiq.ISerializationDepender) (at Ludiq.Core.Runtime/Serialization/Serialization.cs:296)
Ludiq.Serialization:AwaitDependencies (Ludiq.ISerializationDepender) (at Ludiq.Core.Runtime/Serialization/Serialization.cs:236)
Ludiq.Graph:OnAfterDeserialize () (at Ludiq.Graphs.Runtime/Graph.cs:98)
Ludiq.FullSerializer.fsSerializationCallbackReceiverProcessor:OnAfterDeserialize (System.Type,object) (at Ludiq.Core.Runtime/Dependencies/FullSerializer/fsISerializationCallbacks.cs:127)
Ludiq.FullSerializer.fsSerializer:Invoke_OnAfterDeserialize (System.Collections.Generic.List`1<Ludiq.FullSerializer.fsObjectProcessor>,System.Type,object) (at Ludiq.Core.Runtime/Dependencies/FullSerializer/fsSerializer.cs:1190)
Ludiq.FullSerializer.fsSerializer:TryDeserialize (Ludiq.FullSerializer.fsData,System.Type,System.Type,object&) (at Ludiq.Core.Runtime/Dependencies/FullSerializer/fsSerializer.cs:675)
Ludiq.FullSerializer.fsReflectedConverter:TryDeserialize (Ludiq.FullSerializer.fsData,object&,System.Type) (at Ludiq.Core.Runtime/Dependencies/FullSerializer/Converters/fsReflectedConverter.cs:97)
Ludiq.FullSerializer.fsSerializer:InternalDeserialize_5_Converter (System.Type,Ludiq.FullSerializer.fsData,System.Type,object&) (at Ludiq.Core.Runtime/Dependencies/FullSerializer/fsSerializer.cs:899)
Ludiq.FullSerializer.fsSerializer:InternalDeserialize_4_Cycles (System.Type,Ludiq.FullSerializer.fsData,System.Type,object&) (at Ludiq.Core.Runtime/Dependencies/FullSerializer/fsSerializer.cs:889)
Ludiq.FullSerializer.fsSerializer:InternalDeserialize_3_Inheritance (System.Type,Ludiq.FullSerializer.fsData,System.Type,object&,System.Collections.Generic.List`1<Ludiq.FullSerializer.fsObjectProcessor>&) (at Ludiq.Core.Runtime/Dependencies/FullSerializer/fsSerializer.cs:864)
Ludiq.FullSerializer.fsSerializer:InternalDeserialize_2_Version (System.Type,Ludiq.FullSerializer.fsData,System.Type,object&,System.Collections.Generic.List`1<Ludiq.FullSerializer.fsObjectProcessor>&) (at Ludiq.Core.Runtime/Dependencies/FullSerializer/fsSerializer.cs:768)
Ludiq.FullSerializer.fsSerializer:InternalDeserialize_1_CycleReference (System.Type,Ludiq.FullSerializer.fsData,System.Type,object&,System.Collections.Generic.List`1<Ludiq.FullSerializer.fsObjectProcessor>&) (at Ludiq.Core.Runtime/Dependencies/FullSerializer/fsSerializer.cs:713)
Ludiq.FullSerializer.fsSerializer:TryDeserialize (Ludiq.FullSerializer.fsData,System.Type,System.Type,object&) (at Ludiq.Core.Runtime/Dependencies/FullSerializer/fsSerializer.cs:666)
Ludiq.Serialization:DeserializeJson (Ludiq.FullSerializer.fsSerializer,string,object&,bool) (at Ludiq.Core.Runtime/Serialization/Serialization.cs:171)
Ludiq.Serialization:DeserializeInto (Ludiq.SerializationData,object&,bool) (at Ludiq.Core.Runtime/Serialization/Serialization.cs:113)
Ludiq.LudiqScriptableObject:UnityEngine.ISerializationCallbackReceiver.OnAfterDeserialize () (at Ludiq.Core.Runtime/Unity/LudiqScriptableObject.cs:50)

(Filename: Bolt.Flow.Runtime/Connections/UnitConnection.cs Line: 146)

Could not load connection between 'value' of 'GetVariable#d6979...' and 'time' of 'SuperUnit#7896e...'.
UnityEngine.StackTraceUtility:ExtractStackTrace ()
UnityEngine.DebugLogHandler:LogFormat (UnityEngine.LogType,UnityEngine.Object,string,object[])
UnityEngine.Logger:Log (UnityEngine.LogType,object)
UnityEngine.Debug:LogWarning (object)
Bolt.UnitConnection`2<Bolt.ValueOutput, Bolt.ValueInput>:HandleDependencies () (at Bolt.Flow.Runtime/Connections/UnitConnection.cs:146)
Ludiq.Graph:OnAfterDependenciesDeserialized () (at Ludiq.Graphs.Runtime/Graph.cs:117)
Ludiq.Serialization:CheckIfDependenciesMet (Ludiq.ISerializationDepender) (at Ludiq.Core.Runtime/Serialization/Serialization.cs:296)
Ludiq.Serialization:AwaitDependencies (Ludiq.ISerializationDepender) (at Ludiq.Core.Runtime/Serialization/Serialization.cs:236)
Ludiq.Graph:OnAfterDeserialize () (at Ludiq.Graphs.Runtime/Graph.cs:98)
Ludiq.FullSerializer.fsSerializationCallbackReceiverProcessor:OnAfterDeserialize (System.Type,object) (at Ludiq.Core.Runtime/Dependencies/FullSerializer/fsISerializationCallbacks.cs:127)
Ludiq.FullSerializer.fsSerializer:Invoke_OnAfterDeserialize (System.Collections.Generic.List`1<Ludiq.FullSerializer.fsObjectProcessor>,System.Type,object) (at Ludiq.Core.Runtime/Dependencies/FullSerializer/fsSerializer.cs:1190)
Ludiq.FullSerializer.fsSerializer:TryDeserialize (Ludiq.FullSerializer.fsData,System.Type,System.Type,object&) (at Ludiq.Core.Runtime/Dependencies/FullSerializer/fsSerializer.cs:675)
Ludiq.FullSerializer.fsReflectedConverter:TryDeserialize (Ludiq.FullSerializer.fsData,object&,System.Type) (at Ludiq.Core.Runtime/Dependencies/FullSerializer/Converters/fsReflectedConverter.cs:97)
Ludiq.FullSerializer.fsSerializer:InternalDeserialize_5_Converter (System.Type,Ludiq.FullSerializer.fsData,System.Type,object&) (at Ludiq.Core.Runtime/Dependencies/FullSerializer/fsSerializer.cs:899)
Ludiq.FullSerializer.fsSerializer:InternalDeserialize_4_Cycles (System.Type,Ludiq.FullSerializer.fsData,System.Type,object&) (at Ludiq.Core.Runtime/Dependencies/FullSerializer/fsSerializer.cs:889)
Ludiq.FullSerializer.fsSerializer:InternalDeserialize_3_Inheritance (System.Type,Ludiq.FullSerializer.fsData,System.Type,object&,System.Collections.Generic.List`1<Ludiq.FullSerializer.fsObjectProcessor>&) (at Ludiq.Core.Runtime/Dependencies/FullSerializer/fsSerializer.cs:864)
Ludiq.FullSerializer.fsSerializer:InternalDeserialize_2_Version (System.Type,Ludiq.FullSerializer.fsData,System.Type,object&,System.Collections.Generic.List`1<Ludiq.FullSerializer.fsObjectProcessor>&) (at Ludiq.Core.Runtime/Dependencies/FullSerializer/fsSerializer.cs:768)
Ludiq.FullSerializer.fsSerializer:InternalDeserialize_1_CycleReference (System.Type,Ludiq.FullSerializer.fsData,System.Type,object&,System.Collections.Generic.List`1<Ludiq.FullSerializer.fsObjectProcessor>&) (at Ludiq.Core.Runtime/Dependencies/FullSerializer/fsSerializer.cs:713)
Ludiq.FullSerializer.fsSerializer:TryDeserialize (Ludiq.FullSerializer.fsData,System.Type,System.Type,object&) (at Ludiq.Core.Runtime/Dependencies/FullSerializer/fsSerializer.cs:666)
Ludiq.Serialization:DeserializeJson (Ludiq.FullSerializer.fsSerializer,string,object&,bool) (at Ludiq.Core.Runtime/Serialization/Serialization.cs:171)
Ludiq.Serialization:DeserializeInto (Ludiq.SerializationData,object&,bool) (at Ludiq.Core.Runtime/Serialization/Serialization.cs:113)
Ludiq.LudiqScriptableObject:UnityEngine.ISerializationCallbackReceiver.OnAfterDeserialize () (at Ludiq.Core.Runtime/Unity/LudiqScriptableObject.cs:50)

(Filename: Bolt.Flow.Runtime/Connections/UnitConnection.cs Line: 146)

Could not load connection between 'exit' of 'SuperUnit#21905...' and 'assign' of 'SetVariable#1f72b...'.
UnityEngine.StackTraceUtility:ExtractStackTrace ()
UnityEngine.DebugLogHandler:LogFormat (UnityEngine.LogType,UnityEngine.Object,string,object[])
UnityEngine.Logger:Log (UnityEngine.LogType,object)
UnityEngine.Debug:LogWarning (object)
Bolt.UnitConnection`2<Bolt.ControlOutput, Bolt.ControlInput>:HandleDependencies () (at Bolt.Flow.Runtime/Connections/UnitConnection.cs:146)
Ludiq.Graph:OnAfterDependenciesDeserialized () (at Ludiq.Graphs.Runtime/Graph.cs:117)
Ludiq.Serialization:CheckIfDependenciesMet (Ludiq.ISerializationDepender) (at Ludiq.Core.Runtime/Serialization/Serialization.cs:296)
Ludiq.Serialization:AwaitDependencies (Ludiq.ISerializationDepender) (at Ludiq.Core.Runtime/Serialization/Serialization.cs:236)
Ludiq.Graph:OnAfterDeserialize () (at Ludiq.Graphs.Runtime/Graph.cs:98)
Ludiq.FullSerializer.fsSerializationCallbackReceiverProcessor:OnAfterDeserialize (System.Type,object) (at Ludiq.Core.Runtime/Dependencies/FullSerializer/fsISerializationCallbacks.cs:127)
Ludiq.FullSerializer.fsSerializer:Invoke_OnAfterDeserialize (System.Collections.Generic.List`1<Ludiq.FullSerializer.fsObjectProcessor>,System.Type,object) (at Ludiq.Core.Runtime/Dependencies/FullSerializer/fsSerializer.cs:1190)
Ludiq.FullSerializer.fsSerializer:TryDeserialize (Ludiq.FullSerializer.fsData,System.Type,System.Type,object&) (at Ludiq.Core.Runtime/Dependencies/FullSerializer/fsSerializer.cs:675)
Ludiq.FullSerializer.fsReflectedConverter:TryDeserialize (Ludiq.FullSerializer.fsData,object&,System.Type) (at Ludiq.Core.Runtime/Dependencies/FullSerializer/Converters/fsReflectedConverter.cs:97)
Ludiq.FullSerializer.fsSerializer:InternalDeserialize_5_Converter (System.Type,Ludiq.FullSerializer.fsData,System.Type,object&) (at Ludiq.Core.Runtime/Dependencies/FullSerializer/fsSerializer.cs:899)
Ludiq.FullSerializer.fsSerializer:InternalDeserialize_4_Cycles (System.Type,Ludiq.FullSerializer.fsData,System.Type,object&) (at Ludiq.Core.Runtime/Dependencies/FullSerializer/fsSerializer.cs:889)
Ludiq.FullSerializer.fsSerializer:InternalDeserialize_3_Inheritance (System.Type,Ludiq.FullSerializer.fsData,System.Type,object&,System.Collections.Generic.List`1<Ludiq.FullSerializer.fsObjectProcessor>&) (at Ludiq.Core.Runtime/Dependencies/FullSerializer/fsSerializer.cs:864)
Ludiq.FullSerializer.fsSerializer:InternalDeserialize_2_Version (System.Type,Ludiq.FullSerializer.fsData,System.Type,object&,System.Collections.Generic.List`1<Ludiq.FullSerializer.fsObjectProcessor>&) (at Ludiq.Core.Runtime/Dependencies/FullSerializer/fsSerializer.cs:768)
Ludiq.FullSerializer.fsSerializer:InternalDeserialize_1_CycleReference (System.Type,Ludiq.FullSerializer.fsData,System.Type,object&,System.Collections.Generic.List`1<Ludiq.FullSerializer.fsObjectProcessor>&) (at Ludiq.Core.Runtime/Dependencies/FullSerializer/fsSerializer.cs:713)
Ludiq.FullSerializer.fsSerializer:TryDeserialize (Ludiq.FullSerializer.fsData,System.Type,System.Type,object&) (at Ludiq.Core.Runtime/Dependencies/FullSerializer/fsSerializer.cs:666)
Ludiq.Serialization:DeserializeJson (Ludiq.FullSerializer.fsSerializer,string,object&,bool) (at Ludiq.Core.Runtime/Serialization/Serialization.cs:171)
Ludiq.Serialization:DeserializeInto (Ludiq.SerializationData,object&,bool) (at Ludiq.Core.Runtime/Serialization/Serialization.cs:113)
Ludiq.LudiqScriptableObject:UnityEngine.ISerializationCallbackReceiver.OnAfterDeserialize () (at Ludiq.Core.Runtime/Unity/LudiqScriptableObject.cs:50)

(Filename: Bolt.Flow.Runtime/Connections/UnitConnection.cs Line: 146)

Could not load connection between 'trigger' of 'Start#b105e...' and 'enter' of 'SuperUnit#21905...'.
UnityEngine.StackTraceUtility:ExtractStackTrace ()
UnityEngine.DebugLogHandler:LogFormat (UnityEngine.LogType,UnityEngine.Object,string,object[])
UnityEngine.Logger:Log (UnityEngine.LogType,object)
UnityEngine.Debug:LogWarning (object)
Bolt.UnitConnection`2<Bolt.ControlOutput, Bolt.ControlInput>:HandleDependencies () (at Bolt.Flow.Runtime/Connections/UnitConnection.cs:146)
Ludiq.Graph:OnAfterDependenciesDeserialized () (at Ludiq.Graphs.Runtime/Graph.cs:117)
Ludiq.Serialization:CheckIfDependenciesMet (Ludiq.ISerializationDepender) (at Ludiq.Core.Runtime/Serialization/Serialization.cs:296)
Ludiq.Serialization:AwaitDependencies (Ludiq.ISerializationDepender) (at Ludiq.Core.Runtime/Serialization/Serialization.cs:236)
Ludiq.Graph:OnAfterDeserialize () (at Ludiq.Graphs.Runtime/Graph.cs:98)
Ludiq.FullSerializer.fsSerializationCallbackReceiverProcessor:OnAfterDeserialize (System.Type,object) (at Ludiq.Core.Runtime/Dependencies/FullSerializer/fsISerializationCallbacks.cs:127)
Ludiq.FullSerializer.fsSerializer:Invoke_OnAfterDeserialize (System.Collections.Generic.List`1<Ludiq.FullSerializer.fsObjectProcessor>,System.Type,object) (at Ludiq.Core.Runtime/Dependencies/FullSerializer/fsSerializer.cs:1190)
Ludiq.FullSerializer.fsSerializer:TryDeserialize (Ludiq.FullSerializer.fsData,System.Type,System.Type,object&) (at Ludiq.Core.Runtime/Dependencies/FullSerializer/fsSerializer.cs:675)
Ludiq.FullSerializer.fsReflectedConverter:TryDeserialize (Ludiq.FullSerializer.fsData,object&,System.Type) (at Ludiq.Core.Runtime/Dependencies/FullSerializer/Converters/fsReflectedConverter.cs:97)
Ludiq.FullSerializer.fsSerializer:InternalDeserialize_5_Converter (System.Type,Ludiq.FullSerializer.fsData,System.Type,object&) (at Ludiq.Core.Runtime/Dependencies/FullSerializer/fsSerializer.cs:899)
Ludiq.FullSerializer.fsSerializer:InternalDeserialize_4_Cycles (System.Type,Ludiq.FullSerializer.fsData,System.Type,object&) (at Ludiq.Core.Runtime/Dependencies/FullSerializer/fsSerializer.cs:889)
Ludiq.FullSerializer.fsSerializer:InternalDeserialize_3_Inheritance (System.Type,Ludiq.FullSerializer.fsData,System.Type,object&,System.Collections.Generic.List`1<Ludiq.FullSerializer.fsObjectProcessor>&) (at Ludiq.Core.Runtime/Dependencies/FullSerializer/fsSerializer.cs:864)
Ludiq.FullSerializer.fsSerializer:InternalDeserialize_2_Version (System.Type,Ludiq.FullSerializer.fsData,System.Type,object&,System.Collections.Generic.List`1<Ludiq.FullSerializer.fsObjectProcessor>&) (at Ludiq.Core.Runtime/Dependencies/FullSerializer/fsSerializer.cs:768)
Ludiq.FullSerializer.fsSerializer:InternalDeserialize_1_CycleReference (System.Type,Ludiq.FullSerializer.fsData,System.Type,object&,System.Collections.Generic.List`1<Ludiq.FullSerializer.fsObjectProcessor>&) (at Ludiq.Core.Runtime/Dependencies/FullSerializer/fsSerializer.cs:713)
Ludiq.FullSerializer.fsSerializer:TryDeserialize (Ludiq.FullSerializer.fsData,System.Type,System.Type,object&) (at Ludiq.Core.Runtime/Dependencies/FullSerializer/fsSerializer.cs:666)
Ludiq.Serialization:DeserializeJson (Ludiq.FullSerializer.fsSerializer,string,object&,bool) (at Ludiq.Core.Runtime/Serialization/Serialization.cs:171)
Ludiq.Serialization:DeserializeInto (Ludiq.SerializationData,object&,bool) (at Ludiq.Core.Runtime/Serialization/Serialization.cs:113)
Ludiq.LudiqScriptableObject:UnityEngine.ISerializationCallbackReceiver.OnAfterDeserialize () (at Ludiq.Core.Runtime/Unity/LudiqScriptableObject.cs:50)

(Filename: Bolt.Flow.Runtime/Connections/UnitConnection.cs Line: 146)

Could not load connection between 'ifTrue' of 'Branch#cf6ab...' and 'enter' of 'SuperUnit#7896e...'.
UnityEngine.StackTraceUtility:ExtractStackTrace ()
UnityEngine.DebugLogHandler:LogFormat (UnityEngine.LogType,UnityEngine.Object,string,object[])
UnityEngine.Logger:Log (UnityEngine.LogType,object)
UnityEngine.Debug:LogWarning (object)
Bolt.UnitConnection`2<Bolt.ControlOutput, Bolt.ControlInput>:HandleDependencies () (at Bolt.Flow.Runtime/Connections/UnitConnection.cs:146)
Ludiq.Graph:OnAfterDependenciesDeserialized () (at Ludiq.Graphs.Runtime/Graph.cs:117)
Ludiq.Serialization:CheckIfDependenciesMet (Ludiq.ISerializationDepender) (at Ludiq.Core.Runtime/Serialization/Serialization.cs:296)
Ludiq.Serialization:AwaitDependencies (Ludiq.ISerializationDepender) (at Ludiq.Core.Runtime/Serialization/Serialization.cs:236)
Ludiq.Graph:OnAfterDeserialize () (at Ludiq.Graphs.Runtime/Graph.cs:98)
Ludiq.FullSerializer.fsSerializationCallbackReceiverProcessor:OnAfterDeserialize (System.Type,object) (at Ludiq.Core.Runtime/Dependencies/FullSerializer/fsISerializationCallbacks.cs:127)
Ludiq.FullSerializer.fsSerializer:Invoke_OnAfterDeserialize (System.Collections.Generic.List`1<Ludiq.FullSerializer.fsObjectProcessor>,System.Type,object) (at Ludiq.Core.Runtime/Dependencies/FullSerializer/fsSerializer.cs:1190)
Ludiq.FullSerializer.fsSerializer:TryDeserialize (Ludiq.FullSerializer.fsData,System.Type,System.Type,object&) (at Ludiq.Core.Runtime/Dependencies/FullSerializer/fsSerializer.cs:675)
Ludiq.FullSerializer.fsReflectedConverter:TryDeserialize (Ludiq.FullSerializer.fsData,object&,System.Type) (at Ludiq.Core.Runtime/Dependencies/FullSerializer/Converters/fsReflectedConverter.cs:97)
Ludiq.FullSerializer.fsSerializer:InternalDeserialize_5_Converter (System.Type,Ludiq.FullSerializer.fsData,System.Type,object&) (at Ludiq.Core.Runtime/Dependencies/FullSerializer/fsSerializer.cs:899)
Ludiq.FullSerializer.fsSerializer:InternalDeserialize_4_Cycles (System.Type,Ludiq.FullSerializer.fsData,System.Type,object&) (at Ludiq.Core.Runtime/Dependencies/FullSerializer/fsSerializer.cs:889)
Ludiq.FullSerializer.fsSerializer:InternalDeserialize_3_Inheritance (System.Type,Ludiq.FullSerializer.fsData,System.Type,object&,System.Collections.Generic.List`1<Ludiq.FullSerializer.fsObjectProcessor>&) (at Ludiq.Core.Runtime/Dependencies/FullSerializer/fsSerializer.cs:864)
Ludiq.FullSerializer.fsSerializer:InternalDeserialize_2_Version (System.Type,Ludiq.FullSerializer.fsData,System.Type,object&,System.Collections.Generic.List`1<Ludiq.FullSerializer.fsObjectProcessor>&) (at Ludiq.Core.Runtime/Dependencies/FullSerializer/fsSerializer.cs:768)
Ludiq.FullSerializer.fsSerializer:InternalDeserialize_1_CycleReference (System.Type,Ludiq.FullSerializer.fsData,System.Type,object&,System.Collections.Generic.List`1<Ludiq.FullSerializer.fsObjectProcessor>&) (at Ludiq.Core.Runtime/Dependencies/FullSerializer/fsSerializer.cs:713)
Ludiq.FullSerializer.fsSerializer:TryDeserialize (Ludiq.FullSerializer.fsData,System.Type,System.Type,object&) (at Ludiq.Core.Runtime/Dependencies/FullSerializer/fsSerializer.cs:666)
Ludiq.Serialization:DeserializeJson (Ludiq.FullSerializer.fsSerializer,string,object&,bool) (at Ludiq.Core.Runtime/Serialization/Serialization.cs:171)
Ludiq.Serialization:DeserializeInto (Ludiq.SerializationData,object&,bool) (at Ludiq.Core.Runtime/Serialization/Serialization.cs:113)
Ludiq.LudiqScriptableObject:UnityEngine.ISerializationCallbackReceiver.OnAfterDeserialize () (at Ludiq.Core.Runtime/Unity/LudiqScriptableObject.cs:50)

(Filename: Bolt.Flow.Runtime/Connections/UnitConnection.cs Line: 146)

Could not load connection between 'self' of 'Self#2cbc8...' and 'scoreText' of 'SuperUnit#21905...'.
UnityEngine.StackTraceUtility:ExtractStackTrace ()
UnityEngine.DebugLogHandler:LogFormat (UnityEngine.LogType,UnityEngine.Object,string,object[])
UnityEngine.Logger:Log (UnityEngine.LogType,object)
UnityEngine.Debug:LogWarning (object)
Bolt.UnitConnection`2<Bolt.ValueOutput, Bolt.ValueInput>:HandleDependencies () (at Bolt.Flow.Runtime/Connections/UnitConnection.cs:146)
Ludiq.Graph:OnAfterDependenciesDeserialized () (at Ludiq.Graphs.Runtime/Graph.cs:117)
Ludiq.Serialization:CheckIfDependenciesMet (Ludiq.ISerializationDepender) (at Ludiq.Core.Runtime/Serialization/Serialization.cs:296)
Ludiq.Serialization:AwaitDependencies (Ludiq.ISerializationDepender) (at Ludiq.Core.Runtime/Serialization/Serialization.cs:236)
Ludiq.Graph:OnAfterDeserialize () (at Ludiq.Graphs.Runtime/Graph.cs:98)
Ludiq.FullSerializer.fsSerializationCallbackReceiverProcessor:OnAfterDeserialize (System.Type,object) (at Ludiq.Core.Runtime/Dependencies/FullSerializer/fsISerializationCallbacks.cs:127)
Ludiq.FullSerializer.fsSerializer:Invoke_OnAfterDeserialize (System.Collections.Generic.List`1<Ludiq.FullSerializer.fsObjectProcessor>,System.Type,object) (at Ludiq.Core.Runtime/Dependencies/FullSerializer/fsSerializer.cs:1190)
Ludiq.FullSerializer.fsSerializer:TryDeserialize (Ludiq.FullSerializer.fsData,System.Type,System.Type,object&) (at Ludiq.Core.Runtime/Dependencies/FullSerializer/fsSerializer.cs:675)
Ludiq.FullSerializer.fsReflectedConverter:TryDeserialize (Ludiq.FullSerializer.fsData,object&,System.Type) (at Ludiq.Core.Runtime/Dependencies/FullSerializer/Converters/fsReflectedConverter.cs:97)
Ludiq.FullSerializer.fsSerializer:InternalDeserialize_5_Converter (System.Type,Ludiq.FullSerializer.fsData,System.Type,object&) (at Ludiq.Core.Runtime/Dependencies/FullSerializer/fsSerializer.cs:899)
Ludiq.FullSerializer.fsSerializer:InternalDeserialize_4_Cycles (System.Type,Ludiq.FullSerializer.fsData,System.Type,object&) (at Ludiq.Core.Runtime/Dependencies/FullSerializer/fsSerializer.cs:889)
Ludiq.FullSerializer.fsSerializer:InternalDeserialize_3_Inheritance (System.Type,Ludiq.FullSerializer.fsData,System.Type,object&,System.Collections.Generic.List`1<Ludiq.FullSerializer.fsObjectProcessor>&) (at Ludiq.Core.Runtime/Dependencies/FullSerializer/fsSerializer.cs:864)
Ludiq.FullSerializer.fsSerializer:InternalDeserialize_2_Version (System.Type,Ludiq.FullSerializer.fsData,System.Type,object&,System.Collections.Generic.List`1<Ludiq.FullSerializer.fsObjectProcessor>&) (at Ludiq.Core.Runtime/Dependencies/FullSerializer/fsSerializer.cs:768)
Ludiq.FullSerializer.fsSerializer:InternalDeserialize_1_CycleReference (System.Type,Ludiq.FullSerializer.fsData,System.Type,object&,System.Collections.Generic.List`1<Ludiq.FullSerializer.fsObjectProcessor>&) (at Ludiq.Core.Runtime/Dependencies/FullSerializer/fsSerializer.cs:713)
Ludiq.FullSerializer.fsSerializer:TryDeserialize (Ludiq.FullSerializer.fsData,System.Type,System.Type,object&) (at Ludiq.Core.Runtime/Dependencies/FullSerializer/fsSerializer.cs:666)
Ludiq.Serialization:DeserializeJson (Ludiq.FullSerializer.fsSerializer,string,object&,bool) (at Ludiq.Core.Runtime/Serialization/Serialization.cs:171)
Ludiq.Serialization:DeserializeInto (Ludiq.SerializationData,object&,bool) (at Ludiq.Core.Runtime/Serialization/Serialization.cs:113)
Ludiq.LudiqScriptableObject:UnityEngine.ISerializationCallbackReceiver.OnAfterDeserialize () (at Ludiq.Core.Runtime/Unity/LudiqScriptableObject.cs:50)

(Filename: Bolt.Flow.Runtime/Connections/UnitConnection.cs Line: 146)

Could not load connection between 'scoreResult' of 'SuperUnit#21905...' and 'input' of 'SetVariable#1f72b...'.
UnityEngine.StackTraceUtility:ExtractStackTrace ()
UnityEngine.DebugLogHandler:LogFormat (UnityEngine.LogType,UnityEngine.Object,string,object[])
UnityEngine.Logger:Log (UnityEngine.LogType,object)
UnityEngine.Debug:LogWarning (object)
Bolt.UnitConnection`2<Bolt.ValueOutput, Bolt.ValueInput>:HandleDependencies () (at Bolt.Flow.Runtime/Connections/UnitConnection.cs:146)
Ludiq.Graph:OnAfterDependenciesDeserialized () (at Ludiq.Graphs.Runtime/Graph.cs:117)
Ludiq.Serialization:CheckIfDependenciesMet (Ludiq.ISerializationDepender) (at Ludiq.Core.Runtime/Serialization/Serialization.cs:296)
Ludiq.Serialization:AwaitDependencies (Ludiq.ISerializationDepender) (at Ludiq.Core.Runtime/Serialization/Serialization.cs:236)
Ludiq.Graph:OnAfterDeserialize () (at Ludiq.Graphs.Runtime/Graph.cs:98)
Ludiq.FullSerializer.fsSerializationCallbackReceiverProcessor:OnAfterDeserialize (System.Type,object) (at Ludiq.Core.Runtime/Dependencies/FullSerializer/fsISerializationCallbacks.cs:127)
Ludiq.FullSerializer.fsSerializer:Invoke_OnAfterDeserialize (System.Collections.Generic.List`1<Ludiq.FullSerializer.fsObjectProcessor>,System.Type,object) (at Ludiq.Core.Runtime/Dependencies/FullSerializer/fsSerializer.cs:1190)
Ludiq.FullSerializer.fsSerializer:TryDeserialize (Ludiq.FullSerializer.fsData,System.Type,System.Type,object&) (at Ludiq.Core.Runtime/Dependencies/FullSerializer/fsSerializer.cs:675)
Ludiq.FullSerializer.fsReflectedConverter:TryDeserialize (Ludiq.FullSerializer.fsData,object&,System.Type) (at Ludiq.Core.Runtime/Dependencies/FullSerializer/Converters/fsReflectedConverter.cs:97)
Ludiq.FullSerializer.fsSerializer:InternalDeserialize_5_Converter (System.Type,Ludiq.FullSerializer.fsData,System.Type,object&) (at Ludiq.Core.Runtime/Dependencies/FullSerializer/fsSerializer.cs:899)
Ludiq.FullSerializer.fsSerializer:InternalDeserialize_4_Cycles (System.Type,Ludiq.FullSerializer.fsData,System.Type,object&) (at Ludiq.Core.Runtime/Dependencies/FullSerializer/fsSerializer.cs:889)
Ludiq.FullSerializer.fsSerializer:InternalDeserialize_3_Inheritance (System.Type,Ludiq.FullSerializer.fsData,System.Type,object&,System.Collections.Generic.List`1<Ludiq.FullSerializer.fsObjectProcessor>&) (at Ludiq.Core.Runtime/Dependencies/FullSerializer/fsSerializer.cs:864)
Ludiq.FullSerializer.fsSerializer:InternalDeserialize_2_Version (System.Type,Ludiq.FullSerializer.fsData,System.Type,object&,System.Collections.Generic.List`1<Ludiq.FullSerializer.fsObjectProcessor>&) (at Ludiq.Core.Runtime/Dependencies/FullSerializer/fsSerializer.cs:768)
Ludiq.FullSerializer.fsSerializer:InternalDeserialize_1_CycleReference (System.Type,Ludiq.FullSerializer.fsData,System.Type,object&,System.Collections.Generic.List`1<Ludiq.FullSerializer.fsObjectProcessor>&) (at Ludiq.Core.Runtime/Dependencies/FullSerializer/fsSerializer.cs:713)
Ludiq.FullSerializer.fsSerializer:TryDeserialize (Ludiq.FullSerializer.fsData,System.Type,System.Type,object&) (at Ludiq.Core.Runtime/Dependencies/FullSerializer/fsSerializer.cs:666)
Ludiq.Serialization:DeserializeJson (Ludiq.FullSerializer.fsSerializer,string,object&,bool) (at Ludiq.Core.Runtime/Serialization/Serialization.cs:171)
Ludiq.Serialization:DeserializeInto (Ludiq.SerializationData,object&,bool) (at Ludiq.Core.Runtime/Serialization/Serialization.cs:113)
Ludiq.LudiqScriptableObject:UnityEngine.ISerializationCallbackReceiver.OnAfterDeserialize () (at Ludiq.Core.Runtime/Unity/LudiqScriptableObject.cs:50)

(Filename: Bolt.Flow.Runtime/Connections/UnitConnection.cs Line: 146)

 -> (artifact id: '8bd4ee5754bc67a6da5eed1f1a32b620') in 0.071848 seconds 
  Import took 0.074200 seconds .

========================================================================
Received Import Request.
  Time since last request: 191.729659 seconds.
  path: Assets/FM/movement.asset
  artifactKey: Guid(e4eb02d2b6871fd42827edf8fcca9f7f) Importer(815301076,1909f56bfc062723c751e8b465ee728b)
Start importing Assets/FM/movement.asset using Guid(e4eb02d2b6871fd42827edf8fcca9f7f) Importer(815301076,1909f56bfc062723c751e8b465ee728b) Could not load connection between 'ifTrue' of 'Branch#be707...' and 'enter' of 'SuperUnit#c0108...'.
UnityEngine.StackTraceUtility:ExtractStackTrace ()
UnityEngine.DebugLogHandler:LogFormat (UnityEngine.LogType,UnityEngine.Object,string,object[])
UnityEngine.Logger:Log (UnityEngine.LogType,object)
UnityEngine.Debug:LogWarning (object)
Bolt.UnitConnection`2<Bolt.ControlOutput, Bolt.ControlInput>:HandleDependencies () (at Bolt.Flow.Runtime/Connections/UnitConnection.cs:146)
Ludiq.Graph:OnAfterDependenciesDeserialized () (at Ludiq.Graphs.Runtime/Graph.cs:117)
Ludiq.Serialization:CheckIfDependenciesMet (Ludiq.ISerializationDepender) (at Ludiq.Core.Runtime/Serialization/Serialization.cs:296)
Ludiq.Serialization:AwaitDependencies (Ludiq.ISerializationDepender) (at Ludiq.Core.Runtime/Serialization/Serialization.cs:236)
Ludiq.Graph:OnAfterDeserialize () (at Ludiq.Graphs.Runtime/Graph.cs:98)
Ludiq.FullSerializer.fsSerializationCallbackReceiverProcessor:OnAfterDeserialize (System.Type,object) (at Ludiq.Core.Runtime/Dependencies/FullSerializer/fsISerializationCallbacks.cs:127)
Ludiq.FullSerializer.fsSerializer:Invoke_OnAfterDeserialize (System.Collections.Generic.List`1<Ludiq.FullSerializer.fsObjectProcessor>,System.Type,object) (at Ludiq.Core.Runtime/Dependencies/FullSerializer/fsSerializer.cs:1190)
Ludiq.FullSerializer.fsSerializer:TryDeserialize (Ludiq.FullSerializer.fsData,System.Type,System.Type,object&) (at Ludiq.Core.Runtime/Dependencies/FullSerializer/fsSerializer.cs:675)
Ludiq.FullSerializer.fsReflectedConverter:TryDeserialize (Ludiq.FullSerializer.fsData,object&,System.Type) (at Ludiq.Core.Runtime/Dependencies/FullSerializer/Converters/fsReflectedConverter.cs:97)
Ludiq.FullSerializer.fsSerializer:InternalDeserialize_5_Converter (System.Type,Ludiq.FullSerializer.fsData,System.Type,object&) (at Ludiq.Core.Runtime/Dependencies/FullSerializer/fsSerializer.cs:899)
Ludiq.FullSerializer.fsSerializer:InternalDeserialize_4_Cycles (System.Type,Ludiq.FullSerializer.fsData,System.Type,object&) (at Ludiq.Core.Runtime/Dependencies/FullSerializer/fsSerializer.cs:889)
Ludiq.FullSerializer.fsSerializer:InternalDeserialize_3_Inheritance (System.Type,Ludiq.FullSerializer.fsData,System.Type,object&,System.Collections.Generic.List`1<Ludiq.FullSerializer.fsObjectProcessor>&) (at Ludiq.Core.Runtime/Dependencies/FullSerializer/fsSerializer.cs:864)
Ludiq.FullSerializer.fsSerializer:InternalDeserialize_2_Version (System.Type,Ludiq.FullSerializer.fsData,System.Type,object&,System.Collections.Generic.List`1<Ludiq.FullSerializer.fsObjectProcessor>&) (at Ludiq.Core.Runtime/Dependencies/FullSerializer/fsSerializer.cs:768)
Ludiq.FullSerializer.fsSerializer:InternalDeserialize_1_CycleReference (System.Type,Ludiq.FullSerializer.fsData,System.Type,object&,System.Collections.Generic.List`1<Ludiq.FullSerializer.fsObjectProcessor>&) (at Ludiq.Core.Runtime/Dependencies/FullSerializer/fsSerializer.cs:713)
Ludiq.FullSerializer.fsSerializer:TryDeserialize (Ludiq.FullSerializer.fsData,System.Type,System.Type,object&) (at Ludiq.Core.Runtime/Dependencies/FullSerializer/fsSerializer.cs:666)
Ludiq.Serialization:DeserializeJson (Ludiq.FullSerializer.fsSerializer,string,object&,bool) (at Ludiq.Core.Runtime/Serialization/Serialization.cs:171)
Ludiq.Serialization:DeserializeInto (Ludiq.SerializationData,object&,bool) (at Ludiq.Core.Runtime/Serialization/Serialization.cs:113)
Ludiq.LudiqScriptableObject:UnityEngine.ISerializationCallbackReceiver.OnAfterDeserialize () (at Ludiq.Core.Runtime/Unity/LudiqScriptableObject.cs:50)

(Filename: Bolt.Flow.Runtime/Connections/UnitConnection.cs Line: 146)

Could not load connection between 'value' of 'GetVariable#f8397...' and 'scoreText' of 'SuperUnit#c0108...'.
UnityEngine.StackTraceUtility:ExtractStackTrace ()
UnityEngine.DebugLogHandler:LogFormat (UnityEngine.LogType,UnityEngine.Object,string,object[])
UnityEngine.Logger:Log (UnityEngine.LogType,object)
UnityEngine.Debug:LogWarning (object)
Bolt.UnitConnection`2<Bolt.ValueOutput, Bolt.ValueInput>:HandleDependencies () (at Bolt.Flow.Runtime/Connections/UnitConnection.cs:146)
Ludiq.Graph:OnAfterDependenciesDeserialized () (at Ludiq.Graphs.Runtime/Graph.cs:117)
Ludiq.Serialization:CheckIfDependenciesMet (Ludiq.ISerializationDepender) (at Ludiq.Core.Runtime/Serialization/Serialization.cs:296)
Ludiq.Serialization:AwaitDependencies (Ludiq.ISerializationDepender) (at Ludiq.Core.Runtime/Serialization/Serialization.cs:236)
Ludiq.Graph:OnAfterDeserialize () (at Ludiq.Graphs.Runtime/Graph.cs:98)
Ludiq.FullSerializer.fsSerializationCallbackReceiverProcessor:OnAfterDeserialize (System.Type,object) (at Ludiq.Core.Runtime/Dependencies/FullSerializer/fsISerializationCallbacks.cs:127)
Ludiq.FullSerializer.fsSerializer:Invoke_OnAfterDeserialize (System.Collections.Generic.List`1<Ludiq.FullSerializer.fsObjectProcessor>,System.Type,object) (at Ludiq.Core.Runtime/Dependencies/FullSerializer/fsSerializer.cs:1190)
Ludiq.FullSerializer.fsSerializer:TryDeserialize (Ludiq.FullSerializer.fsData,System.Type,System.Type,object&) (at Ludiq.Core.Runtime/Dependencies/FullSerializer/fsSerializer.cs:675)
Ludiq.FullSerializer.fsReflectedConverter:TryDeserialize (Ludiq.FullSerializer.fsData,object&,System.Type) (at Ludiq.Core.Runtime/Dependencies/FullSerializer/Converters/fsReflectedConverter.cs:97)
Ludiq.FullSerializer.fsSerializer:InternalDeserialize_5_Converter (System.Type,Ludiq.FullSerializer.fsData,System.Type,object&) (at Ludiq.Core.Runtime/Dependencies/FullSerializer/fsSerializer.cs:899)
Ludiq.FullSerializer.fsSerializer:InternalDeserialize_4_Cycles (System.Type,Ludiq.FullSerializer.fsData,System.Type,object&) (at Ludiq.Core.Runtime/Dependencies/FullSerializer/fsSerializer.cs:889)
Ludiq.FullSerializer.fsSerializer:InternalDeserialize_3_Inheritance (System.Type,Ludiq.FullSerializer.fsData,System.Type,object&,System.Collections.Generic.List`1<Ludiq.FullSerializer.fsObjectProcessor>&) (at Ludiq.Core.Runtime/Dependencies/FullSerializer/fsSerializer.cs:864)
Ludiq.FullSerializer.fsSerializer:InternalDeserialize_2_Version (System.Type,Ludiq.FullSerializer.fsData,System.Type,object&,System.Collections.Generic.List`1<Ludiq.FullSerializer.fsObjectProcessor>&) (at Ludiq.Core.Runtime/Dependencies/FullSerializer/fsSerializer.cs:768)
Ludiq.FullSerializer.fsSerializer:InternalDeserialize_1_CycleReference (System.Type,Ludiq.FullSerializer.fsData,System.Type,object&,System.Collections.Generic.List`1<Ludiq.FullSerializer.fsObjectProcessor>&) (at Ludiq.Core.Runtime/Dependencies/FullSerializer/fsSerializer.cs:713)
Ludiq.FullSerializer.fsSerializer:TryDeserialize (Ludiq.FullSerializer.fsData,System.Type,System.Type,object&) (at Ludiq.Core.Runtime/Dependencies/FullSerializer/fsSerializer.cs:666)
Ludiq.Serialization:DeserializeJson (Ludiq.FullSerializer.fsSerializer,string,object&,bool) (at Ludiq.Core.Runtime/Serialization/Serialization.cs:171)
Ludiq.Serialization:DeserializeInto (Ludiq.SerializationData,object&,bool) (at Ludiq.Core.Runtime/Serialization/Serialization.cs:113)
Ludiq.LudiqScriptableObject:UnityEngine.ISerializationCallbackReceiver.OnAfterDeserialize () (at Ludiq.Core.Runtime/Unity/LudiqScriptableObject.cs:50)

(Filename: Bolt.Flow.Runtime/Connections/UnitConnection.cs Line: 146)

 -> (artifact id: '0ef6ab207a682af46d6847dc4a0e88cf') in 0.120106 seconds 
  Import took 0.123454 seconds .

========================================================================
Received Import Request.
  Time since last request: 166.369597 seconds.
  path: Assets/FM/pickup.asset
  artifactKey: Guid(42cfc4e7d8422ab4cbaae07d40bdc562) Importer(815301076,1909f56bfc062723c751e8b465ee728b)
Start importing Assets/FM/pickup.asset using Guid(42cfc4e7d8422ab4cbaae07d40bdc562) Importer(815301076,1909f56bfc062723c751e8b465ee728b) Could not load connection between 'result' of 'InvokeMember#7ee1a...' and 'scoreText' of 'SuperUnit#3d5b0...'.
UnityEngine.StackTraceUtility:ExtractStackTrace ()
UnityEngine.DebugLogHandler:LogFormat (UnityEngine.LogType,UnityEngine.Object,string,object[])
UnityEngine.Logger:Log (UnityEngine.LogType,object)
UnityEngine.Debug:LogWarning (object)
Bolt.UnitConnection`2<Bolt.ValueOutput, Bolt.ValueInput>:HandleDependencies () (at Bolt.Flow.Runtime/Connections/UnitConnection.cs:146)
Ludiq.Graph:OnAfterDependenciesDeserialized () (at Ludiq.Graphs.Runtime/Graph.cs:117)
Ludiq.Serialization:CheckIfDependenciesMet (Ludiq.ISerializationDepender) (at Ludiq.Core.Runtime/Serialization/Serialization.cs:296)
Ludiq.Serialization:AwaitDependencies (Ludiq.ISerializationDepender) (at Ludiq.Core.Runtime/Serialization/Serialization.cs:236)
Ludiq.Graph:OnAfterDeserialize () (at Ludiq.Graphs.Runtime/Graph.cs:98)
Ludiq.FullSerializer.fsSerializationCallbackReceiverProcessor:OnAfterDeserialize (System.Type,object) (at Ludiq.Core.Runtime/Dependencies/FullSerializer/fsISerializationCallbacks.cs:127)
Ludiq.FullSerializer.fsSerializer:Invoke_OnAfterDeserialize (System.Collections.Generic.List`1<Ludiq.FullSerializer.fsObjectProcessor>,System.Type,object) (at Ludiq.Core.Runtime/Dependencies/FullSerializer/fsSerializer.cs:1190)
Ludiq.FullSerializer.fsSerializer:TryDeserialize (Ludiq.FullSerializer.fsData,System.Type,System.Type,object&) (at Ludiq.Core.Runtime/Dependencies/FullSerializer/fsSerializer.cs:675)
Ludiq.FullSerializer.fsReflectedConverter:TryDeserialize (Ludiq.FullSerializer.fsData,object&,System.Type) (at Ludiq.Core.Runtime/Dependencies/FullSerializer/Converters/fsReflectedConverter.cs:97)
Ludiq.FullSerializer.fsSerializer:InternalDeserialize_5_Converter (System.Type,Ludiq.FullSerializer.fsData,System.Type,object&) (at Ludiq.Core.Runtime/Dependencies/FullSerializer/fsSerializer.cs:899)
Ludiq.FullSerializer.fsSerializer:InternalDeserialize_4_Cycles (System.Type,Ludiq.FullSerializer.fsData,System.Type,object&) (at Ludiq.Core.Runtime/Dependencies/FullSerializer/fsSerializer.cs:889)
Ludiq.FullSerializer.fsSerializer:InternalDeserialize_3_Inheritance (System.Type,Ludiq.FullSerializer.fsData,System.Type,object&,System.Collections.Generic.List`1<Ludiq.FullSerializer.fsObjectProcessor>&) (at Ludiq.Core.Runtime/Dependencies/FullSerializer/fsSerializer.cs:864)
Ludiq.FullSerializer.fsSerializer:InternalDeserialize_2_Version (System.Type,Ludiq.FullSerializer.fsData,System.Type,object&,System.Collections.Generic.List`1<Ludiq.FullSerializer.fsObjectProcessor>&) (at Ludiq.Core.Runtime/Dependencies/FullSerializer/fsSerializer.cs:768)
Ludiq.FullSerializer.fsSerializer:InternalDeserialize_1_CycleReference (System.Type,Ludiq.FullSerializer.fsData,System.Type,object&,System.Collections.Generic.List`1<Ludiq.FullSerializer.fsObjectProcessor>&) (at Ludiq.Core.Runtime/Dependencies/FullSerializer/fsSerializer.cs:713)
Ludiq.FullSerializer.fsSerializer:TryDeserialize (Ludiq.FullSerializer.fsData,System.Type,System.Type,object&) (at Ludiq.Core.Runtime/Dependencies/FullSerializer/fsSerializer.cs:666)
Ludiq.Serialization:DeserializeJson (Ludiq.FullSerializer.fsSerializer,string,object&,bool) (at Ludiq.Core.Runtime/Serialization/Serialization.cs:171)
Ludiq.Serialization:DeserializeInto (Ludiq.SerializationData,object&,bool) (at Ludiq.Core.Runtime/Serialization/Serialization.cs:113)
Ludiq.LudiqScriptableObject:UnityEngine.ISerializationCallbackReceiver.OnAfterDeserialize () (at Ludiq.Core.Runtime/Unity/LudiqScriptableObject.cs:50)

(Filename: Bolt.Flow.Runtime/Connections/UnitConnection.cs Line: 146)

Could not load connection between 'exit' of 'SuperUnit#3d5b0...' and 'assign' of 'SetVariable#3c040...'.
UnityEngine.StackTraceUtility:ExtractStackTrace ()
UnityEngine.DebugLogHandler:LogFormat (UnityEngine.LogType,UnityEngine.Object,string,object[])
UnityEngine.Logger:Log (UnityEngine.LogType,object)
UnityEngine.Debug:LogWarning (object)
Bolt.UnitConnection`2<Bolt.ControlOutput, Bolt.ControlInput>:HandleDependencies () (at Bolt.Flow.Runtime/Connections/UnitConnection.cs:146)
Ludiq.Graph:OnAfterDependenciesDeserialized () (at Ludiq.Graphs.Runtime/Graph.cs:117)
Ludiq.Serialization:CheckIfDependenciesMet (Ludiq.ISerializationDepender) (at Ludiq.Core.Runtime/Serialization/Serialization.cs:296)
Ludiq.Serialization:AwaitDependencies (Ludiq.ISerializationDepender) (at Ludiq.Core.Runtime/Serialization/Serialization.cs:236)
Ludiq.Graph:OnAfterDeserialize () (at Ludiq.Graphs.Runtime/Graph.cs:98)
Ludiq.FullSerializer.fsSerializationCallbackReceiverProcessor:OnAfterDeserialize (System.Type,object) (at Ludiq.Core.Runtime/Dependencies/FullSerializer/fsISerializationCallbacks.cs:127)
Ludiq.FullSerializer.fsSerializer:Invoke_OnAfterDeserialize (System.Collections.Generic.List`1<Ludiq.FullSerializer.fsObjectProcessor>,System.Type,object) (at Ludiq.Core.Runtime/Dependencies/FullSerializer/fsSerializer.cs:1190)
Ludiq.FullSerializer.fsSerializer:TryDeserialize (Ludiq.FullSerializer.fsData,System.Type,System.Type,object&) (at Ludiq.Core.Runtime/Dependencies/FullSerializer/fsSerializer.cs:675)
Ludiq.FullSerializer.fsReflectedConverter:TryDeserialize (Ludiq.FullSerializer.fsData,object&,System.Type) (at Ludiq.Core.Runtime/Dependencies/FullSerializer/Converters/fsReflectedConverter.cs:97)
Ludiq.FullSerializer.fsSerializer:InternalDeserialize_5_Converter (System.Type,Ludiq.FullSerializer.fsData,System.Type,object&) (at Ludiq.Core.Runtime/Dependencies/FullSerializer/fsSerializer.cs:899)
Ludiq.FullSerializer.fsSerializer:InternalDeserialize_4_Cycles (System.Type,Ludiq.FullSerializer.fsData,System.Type,object&) (at Ludiq.Core.Runtime/Dependencies/FullSerializer/fsSerializer.cs:889)
Ludiq.FullSerializer.fsSerializer:InternalDeserialize_3_Inheritance (System.Type,Ludiq.FullSerializer.fsData,System.Type,object&,System.Collections.Generic.List`1<Ludiq.FullSerializer.fsObjectProcessor>&) (at Ludiq.Core.Runtime/Dependencies/FullSerializer/fsSerializer.cs:864)
Ludiq.FullSerializer.fsSerializer:InternalDeserialize_2_Version (System.Type,Ludiq.FullSerializer.fsData,System.Type,object&,System.Collections.Generic.List`1<Ludiq.FullSerializer.fsObjectProcessor>&) (at Ludiq.Core.Runtime/Dependencies/FullSerializer/fsSerializer.cs:768)
Ludiq.FullSerializer.fsSerializer:InternalDeserialize_1_CycleReference (System.Type,Ludiq.FullSerializer.fsData,System.Type,object&,System.Collections.Generic.List`1<Ludiq.FullSerializer.fsObjectProcessor>&) (at Ludiq.Core.Runtime/Dependencies/FullSerializer/fsSerializer.cs:713)
Ludiq.FullSerializer.fsSerializer:TryDeserialize (Ludiq.FullSerializer.fsData,System.Type,System.Type,object&) (at Ludiq.Core.Runtime/Dependencies/FullSerializer/fsSerializer.cs:666)
Ludiq.Serialization:DeserializeJson (Ludiq.FullSerializer.fsSerializer,string,object&,bool) (at Ludiq.Core.Runtime/Serialization/Serialization.cs:171)
Ludiq.Serialization:DeserializeInto (Ludiq.SerializationData,object&,bool) (at Ludiq.Core.Runtime/Serialization/Serialization.cs:113)
Ludiq.LudiqScriptableObject:UnityEngine.ISerializationCallbackReceiver.OnAfterDeserialize () (at Ludiq.Core.Runtime/Unity/LudiqScriptableObject.cs:50)

(Filename: Bolt.Flow.Runtime/Connections/UnitConnection.cs Line: 146)

Could not load connection between 'exit' of 'InvokeMember#7ee1a...' and 'enter' of 'SuperUnit#3d5b0...'.
UnityEngine.StackTraceUtility:ExtractStackTrace ()
UnityEngine.DebugLogHandler:LogFormat (UnityEngine.LogType,UnityEngine.Object,string,object[])
UnityEngine.Logger:Log (UnityEngine.LogType,object)
UnityEngine.Debug:LogWarning (object)
Bolt.UnitConnection`2<Bolt.ControlOutput, Bolt.ControlInput>:HandleDependencies () (at Bolt.Flow.Runtime/Connections/UnitConnection.cs:146)
Ludiq.Graph:OnAfterDependenciesDeserialized () (at Ludiq.Graphs.Runtime/Graph.cs:117)
Ludiq.Serialization:CheckIfDependenciesMet (Ludiq.ISerializationDepender) (at Ludiq.Core.Runtime/Serialization/Serialization.cs:296)
Ludiq.Serialization:AwaitDependencies (Ludiq.ISerializationDepender) (at Ludiq.Core.Runtime/Serialization/Serialization.cs:236)
Ludiq.Graph:OnAfterDeserialize () (at Ludiq.Graphs.Runtime/Graph.cs:98)
Ludiq.FullSerializer.fsSerializationCallbackReceiverProcessor:OnAfterDeserialize (System.Type,object) (at Ludiq.Core.Runtime/Dependencies/FullSerializer/fsISerializationCallbacks.cs:127)
Ludiq.FullSerializer.fsSerializer:Invoke_OnAfterDeserialize (System.Collections.Generic.List`1<Ludiq.FullSerializer.fsObjectProcessor>,System.Type,object) (at Ludiq.Core.Runtime/Dependencies/FullSerializer/fsSerializer.cs:1190)
Ludiq.FullSerializer.fsSerializer:TryDeserialize (Ludiq.FullSerializer.fsData,System.Type,System.Type,object&) (at Ludiq.Core.Runtime/Dependencies/FullSerializer/fsSerializer.cs:675)
Ludiq.FullSerializer.fsReflectedConverter:TryDeserialize (Ludiq.FullSerializer.fsData,object&,System.Type) (at Ludiq.Core.Runtime/Dependencies/FullSerializer/Converters/fsReflectedConverter.cs:97)
Ludiq.FullSerializer.fsSerializer:InternalDeserialize_5_Converter (System.Type,Ludiq.FullSerializer.fsData,System.Type,object&) (at Ludiq.Core.Runtime/Dependencies/FullSerializer/fsSerializer.cs:899)
Ludiq.FullSerializer.fsSerializer:InternalDeserialize_4_Cycles (System.Type,Ludiq.FullSerializer.fsData,System.Type,object&) (at Ludiq.Core.Runtime/Dependencies/FullSerializer/fsSerializer.cs:889)
Ludiq.FullSerializer.fsSerializer:InternalDeserialize_3_Inheritance (System.Type,Ludiq.FullSerializer.fsData,System.Type,object&,System.Collections.Generic.List`1<Ludiq.FullSerializer.fsObjectProcessor>&) (at Ludiq.Core.Runtime/Dependencies/FullSerializer/fsSerializer.cs:864)
Ludiq.FullSerializer.fsSerializer:InternalDeserialize_2_Version (System.Type,Ludiq.FullSerializer.fsData,System.Type,object&,System.Collections.Generic.List`1<Ludiq.FullSerializer.fsObjectProcessor>&) (at Ludiq.Core.Runtime/Dependencies/FullSerializer/fsSerializer.cs:768)
Ludiq.FullSerializer.fsSerializer:InternalDeserialize_1_CycleReference (System.Type,Ludiq.FullSerializer.fsData,System.Type,object&,System.Collections.Generic.List`1<Ludiq.FullSerializer.fsObjectProcessor>&) (at Ludiq.Core.Runtime/Dependencies/FullSerializer/fsSerializer.cs:713)
Ludiq.FullSerializer.fsSerializer:TryDeserialize (Ludiq.FullSerializer.fsData,System.Type,System.Type,object&) (at Ludiq.Core.Runtime/Dependencies/FullSerializer/fsSerializer.cs:666)
Ludiq.Serialization:DeserializeJson (Ludiq.FullSerializer.fsSerializer,string,object&,bool) (at Ludiq.Core.Runtime/Serialization/Serialization.cs:171)
Ludiq.Serialization:DeserializeInto (Ludiq.SerializationData,object&,bool) (at Ludiq.Core.Runtime/Serialization/Serialization.cs:113)
Ludiq.LudiqScriptableObject:UnityEngine.ISerializationCallbackReceiver.OnAfterDeserialize () (at Ludiq.Core.Runtime/Unity/LudiqScriptableObject.cs:50)

(Filename: Bolt.Flow.Runtime/Connections/UnitConnection.cs Line: 146)

Could not load connection between 'value' of 'GetVariable#bed0e...' and 'score' of 'SuperUnit#3d5b0...'.
UnityEngine.StackTraceUtility:ExtractStackTrace ()
UnityEngine.DebugLogHandler:LogFormat (UnityEngine.LogType,UnityEngine.Object,string,object[])
UnityEngine.Logger:Log (UnityEngine.LogType,object)
UnityEngine.Debug:LogWarning (object)
Bolt.UnitConnection`2<Bolt.ValueOutput, Bolt.ValueInput>:HandleDependencies () (at Bolt.Flow.Runtime/Connections/UnitConnection.cs:146)
Ludiq.Graph:OnAfterDependenciesDeserialized () (at Ludiq.Graphs.Runtime/Graph.cs:117)
Ludiq.Serialization:CheckIfDependenciesMet (Ludiq.ISerializationDepender) (at Ludiq.Core.Runtime/Serialization/Serialization.cs:296)
Ludiq.Serialization:AwaitDependencies (Ludiq.ISerializationDepender) (at Ludiq.Core.Runtime/Serialization/Serialization.cs:236)
Ludiq.Graph:OnAfterDeserialize () (at Ludiq.Graphs.Runtime/Graph.cs:98)
Ludiq.FullSerializer.fsSerializationCallbackReceiverProcessor:OnAfterDeserialize (System.Type,object) (at Ludiq.Core.Runtime/Dependencies/FullSerializer/fsISerializationCallbacks.cs:127)
Ludiq.FullSerializer.fsSerializer:Invoke_OnAfterDeserialize (System.Collections.Generic.List`1<Ludiq.FullSerializer.fsObjectProcessor>,System.Type,object) (at Ludiq.Core.Runtime/Dependencies/FullSerializer/fsSerializer.cs:1190)
Ludiq.FullSerializer.fsSerializer:TryDeserialize (Ludiq.FullSerializer.fsData,System.Type,System.Type,object&) (at Ludiq.Core.Runtime/Dependencies/FullSerializer/fsSerializer.cs:675)
Ludiq.FullSerializer.fsReflectedConverter:TryDeserialize (Ludiq.FullSerializer.fsData,object&,System.Type) (at Ludiq.Core.Runtime/Dependencies/FullSerializer/Converters/fsReflectedConverter.cs:97)
Ludiq.FullSerializer.fsSerializer:InternalDeserialize_5_Converter (System.Type,Ludiq.FullSerializer.fsData,System.Type,object&) (at Ludiq.Core.Runtime/Dependencies/FullSerializer/fsSerializer.cs:899)
Ludiq.FullSerializer.fsSerializer:InternalDeserialize_4_Cycles (System.Type,Ludiq.FullSerializer.fsData,System.Type,object&) (at Ludiq.Core.Runtime/Dependencies/FullSerializer/fsSerializer.cs:889)
Ludiq.FullSerializer.fsSerializer:InternalDeserialize_3_Inheritance (System.Type,Ludiq.FullSerializer.fsData,System.Type,object&,System.Collections.Generic.List`1<Ludiq.FullSerializer.fsObjectProcessor>&) (at Ludiq.Core.Runtime/Dependencies/FullSerializer/fsSerializer.cs:864)
Ludiq.FullSerializer.fsSerializer:InternalDeserialize_2_Version (System.Type,Ludiq.FullSerializer.fsData,System.Type,object&,System.Collections.Generic.List`1<Ludiq.FullSerializer.fsObjectProcessor>&) (at Ludiq.Core.Runtime/Dependencies/FullSerializer/fsSerializer.cs:768)
Ludiq.FullSerializer.fsSerializer:InternalDeserialize_1_CycleReference (System.Type,Ludiq.FullSerializer.fsData,System.Type,object&,System.Collections.Generic.List`1<Ludiq.FullSerializer.fsObjectProcessor>&) (at Ludiq.Core.Runtime/Dependencies/FullSerializer/fsSerializer.cs:713)
Ludiq.FullSerializer.fsSerializer:TryDeserialize (Ludiq.FullSerializer.fsData,System.Type,System.Type,object&) (at Ludiq.Core.Runtime/Dependencies/FullSerializer/fsSerializer.cs:666)
Ludiq.Serialization:DeserializeJson (Ludiq.FullSerializer.fsSerializer,string,object&,bool) (at Ludiq.Core.Runtime/Serialization/Serialization.cs:171)
Ludiq.Serialization:DeserializeInto (Ludiq.SerializationData,object&,bool) (at Ludiq.Core.Runtime/Serialization/Serialization.cs:113)
Ludiq.LudiqScriptableObject:UnityEngine.ISerializationCallbackReceiver.OnAfterDeserialize () (at Ludiq.Core.Runtime/Unity/LudiqScriptableObject.cs:50)

(Filename: Bolt.Flow.Runtime/Connections/UnitConnection.cs Line: 146)

Could not load connection between 'scoreResult' of 'SuperUnit#3d5b0...' and 'input' of 'SetVariable#3c040...'.
UnityEngine.StackTraceUtility:ExtractStackTrace ()
UnityEngine.DebugLogHandler:LogFormat (UnityEngine.LogType,UnityEngine.Object,string,object[])
UnityEngine.Logger:Log (UnityEngine.LogType,object)
UnityEngine.Debug:LogWarning (object)
Bolt.UnitConnection`2<Bolt.ValueOutput, Bolt.ValueInput>:HandleDependencies () (at Bolt.Flow.Runtime/Connections/UnitConnection.cs:146)
Ludiq.Graph:OnAfterDependenciesDeserialized () (at Ludiq.Graphs.Runtime/Graph.cs:117)
Ludiq.Serialization:CheckIfDependenciesMet (Ludiq.ISerializationDepender) (at Ludiq.Core.Runtime/Serialization/Serialization.cs:296)
Ludiq.Serialization:AwaitDependencies (Ludiq.ISerializationDepender) (at Ludiq.Core.Runtime/Serialization/Serialization.cs:236)
Ludiq.Graph:OnAfterDeserialize () (at Ludiq.Graphs.Runtime/Graph.cs:98)
Ludiq.FullSerializer.fsSerializationCallbackReceiverProcessor:OnAfterDeserialize (System.Type,object) (at Ludiq.Core.Runtime/Dependencies/FullSerializer/fsISerializationCallbacks.cs:127)
Ludiq.FullSerializer.fsSerializer:Invoke_OnAfterDeserialize (System.Collections.Generic.List`1<Ludiq.FullSerializer.fsObjectProcessor>,System.Type,object) (at Ludiq.Core.Runtime/Dependencies/FullSerializer/fsSerializer.cs:1190)
Ludiq.FullSerializer.fsSerializer:TryDeserialize (Ludiq.FullSerializer.fsData,System.Type,System.Type,object&) (at Ludiq.Core.Runtime/Dependencies/FullSerializer/fsSerializer.cs:675)
Ludiq.FullSerializer.fsReflectedConverter:TryDeserialize (Ludiq.FullSerializer.fsData,object&,System.Type) (at Ludiq.Core.Runtime/Dependencies/FullSerializer/Converters/fsReflectedConverter.cs:97)
Ludiq.FullSerializer.fsSerializer:InternalDeserialize_5_Converter (System.Type,Ludiq.FullSerializer.fsData,System.Type,object&) (at Ludiq.Core.Runtime/Dependencies/FullSerializer/fsSerializer.cs:899)
Ludiq.FullSerializer.fsSerializer:InternalDeserialize_4_Cycles (System.Type,Ludiq.FullSerializer.fsData,System.Type,object&) (at Ludiq.Core.Runtime/Dependencies/FullSerializer/fsSerializer.cs:889)
Ludiq.FullSerializer.fsSerializer:InternalDeserialize_3_Inheritance (System.Type,Ludiq.FullSerializer.fsData,System.Type,object&,System.Collections.Generic.List`1<Ludiq.FullSerializer.fsObjectProcessor>&) (at Ludiq.Core.Runtime/Dependencies/FullSerializer/fsSerializer.cs:864)
Ludiq.FullSerializer.fsSerializer:InternalDeserialize_2_Version (System.Type,Ludiq.FullSerializer.fsData,System.Type,object&,System.Collections.Generic.List`1<Ludiq.FullSerializer.fsObjectProcessor>&) (at Ludiq.Core.Runtime/Dependencies/FullSerializer/fsSerializer.cs:768)
Ludiq.FullSerializer.fsSerializer:InternalDeserialize_1_CycleReference (System.Type,Ludiq.FullSerializer.fsData,System.Type,object&,System.Collections.Generic.List`1<Ludiq.FullSerializer.fsObjectProcessor>&) (at Ludiq.Core.Runtime/Dependencies/FullSerializer/fsSerializer.cs:713)
Ludiq.FullSerializer.fsSerializer:TryDeserialize (Ludiq.FullSerializer.fsData,System.Type,System.Type,object&) (at Ludiq.Core.Runtime/Dependencies/FullSerializer/fsSerializer.cs:666)
Ludiq.Serialization:DeserializeJson (Ludiq.FullSerializer.fsSerializer,string,object&,bool) (at Ludiq.Core.Runtime/Serialization/Serialization.cs:171)
Ludiq.Serialization:DeserializeInto (Ludiq.SerializationData,object&,bool) (at Ludiq.Core.Runtime/Serialization/Serialization.cs:113)
Ludiq.LudiqScriptableObject:UnityEngine.ISerializationCallbackReceiver.OnAfterDeserialize () (at Ludiq.Core.Runtime/Unity/LudiqScriptableObject.cs:50)

(Filename: Bolt.Flow.Runtime/Connections/UnitConnection.cs Line: 146)

 -> (artifact id: '2000984e77a0bdc1bf37ff9fcc5aadc1') in 0.015871 seconds 
  Import took 0.018569 seconds .

========================================================================
Received Prepare
Registering precompiled user dll's ...
Registered in 0.007768 seconds.
Begin MonoManager ReloadAssembly
Native extension for WindowsStandalone target not found
Native extension for WebGL target not found
Refreshing native plugins compatible for Editor in 0.44 ms, found 3 plugins.
Preloading 0 native plugins for Editor in 0.00 ms.
Mono: successfully reloaded assembly
- Completed reload, in  0.798 seconds
Domain Reload Profiling:
	ReloadAssembly (799ms)
		BeginReloadAssembly (101ms)
			ExecutionOrderSort (0ms)
			DisableScriptedObjects (4ms)
			BackupInstance (0ms)
			ReleaseScriptingObjects (0ms)
			CreateAndSetChildDomain (42ms)
		EndReloadAssembly (649ms)
			LoadAssemblies (72ms)
			RebuildTransferFunctionScriptingTraits (0ms)
			SetupTypeCache (258ms)
			ReleaseScriptCaches (1ms)
			RebuildScriptCaches (28ms)
			SetupLoadedEditorAssemblies (205ms)
				LogAssemblyErrors (0ms)
				InitializePlatformSupportModulesInManaged (4ms)
				SetLoadedEditorAssemblies (0ms)
				RefreshPlugins (0ms)
				BeforeProcessingInitializeOnLoad (38ms)
				ProcessInitializeOnLoadAttributes (151ms)
				ProcessInitializeOnLoadMethodAttributes (6ms)
				AfterProcessingInitializeOnLoad (4ms)
				EditorAssembliesLoaded (0ms)
			ExecutionOrderSort2 (0ms)
			AwakeInstancesAfterBackupRestoration (5ms)
Platform modules already initialized, skipping
Refreshing native plugins compatible for Editor in 0.41 ms, found 3 plugins.
Preloading 0 native plugins for Editor in 0.00 ms.
Unloading 1516 Unused Serialized files (Serialized files now loaded: 0)
System memory in use before: 73.4 MB.
System memory in use after: 73.5 MB.

Unloading 30 unused Assets to reduce memory usage. Loaded Objects now: 2069.
Total: 2.633900 ms (FindLiveObjects: 0.110500 ms CreateObjectMapping: 0.032600 ms MarkObjects: 2.471400 ms  DeleteObjects: 0.018700 ms)

AssetImportParameters requested are different than current active one (requested -> active):
  custom:framework-win-MediaFoundation: 216162199b28c13a410421893ffa2e32 -> 
  custom:video-decoder-ogg-theora: a1e56fd34408186e4bbccfd4996cb3dc -> 
  custom:container-muxer-webm: aa71ff27fc2769a1b78a27578f13a17b -> 
  custom:container-demuxer-webm: 4f35f7cbe854078d1ac9338744f61a02 -> 
  custom:container-demuxer-ogg: 62fdf1f143b41e24485cea50d1cbac27 -> 
  custom:video-encoder-webm-vp8: eb34c28f22e8b96e1ab97ce403110664 -> 
  custom:video-decoder-webm-vp8: 9c59270c3fd7afecdb556c50c9e8de78 -> 
  custom:audio-decoder-ogg-vorbis: bf7c407c2cedff20999df2af8eb42d56 -> 
  custom:audio-encoder-webm-vorbis: bf7c407c2cedff20999df2af8eb42d56 -> 
========================================================================
Received Import Request.
  Time since last request: 198.511389 seconds.
  path: Assets/FM/changeScore.asset
  artifactKey: Guid(6735b5b6fa24a0741ab1b4d286bbddc7) Importer(815301076,1909f56bfc062723c751e8b465ee728b)
Start importing Assets/FM/changeScore.asset using Guid(6735b5b6fa24a0741ab1b4d286bbddc7) Importer(815301076,1909f56bfc062723c751e8b465ee728b)  -> (artifact id: '5ce33c23b30503518276518812a64bc0') in 0.489363 seconds 
  Import took 0.492390 seconds .

AssetImportWorkerClient::OnTransportError - code=2 error=End of file
